0 info it worked if it ends with ok
1 verbose cli [ '/home/vedanta-krit/.nvm/versions/node/v6.2.0/bin/node',
1 verbose cli   '/home/vedanta-krit/.nvm/versions/node/v6.2.0/bin/npm',
1 verbose cli   'start' ]
2 info using npm@3.9.0
3 info using node@v6.2.0
4 verbose run-script [ 'prestart', 'start', 'poststart' ]
5 info lifecycle node-boilerplate@0.0.1~prestart: node-boilerplate@0.0.1
6 silly lifecycle node-boilerplate@0.0.1~prestart: no script for prestart, continuing
7 info lifecycle node-boilerplate@0.0.1~start: node-boilerplate@0.0.1
8 verbose lifecycle node-boilerplate@0.0.1~start: unsafe-perm in lifecycle true
9 verbose lifecycle node-boilerplate@0.0.1~start: PATH: /home/vedanta-krit/.nvm/versions/node/v6.2.0/lib/node_modules/npm/bin/node-gyp-bin:/home/vedanta-krit/Work/apollo/node-boilerpalte/node_modules/.bin:/home/vedanta-krit/.nvm/versions/node/v6.2.0/bin:/usr/local/heroku/bin:/usr/local/heroku/bin:/home/vedanta-krit/.nvm/versions/node/v6.2.0/bin:/usr/local/sbin:/usr/local/bin:/usr/sbin:/usr/bin:/sbin:/bin
10 verbose lifecycle node-boilerplate@0.0.1~start: CWD: /home/vedanta-krit/Work/apollo/node-boilerpalte
11 silly lifecycle node-boilerplate@0.0.1~start: Args: [ '-c', 'gulp' ]
12 silly lifecycle node-boilerplate@0.0.1~start: Returned: code: 1  signal: null
13 info lifecycle node-boilerplate@0.0.1~start: Failed to exec start script
14 verbose stack Error: node-boilerplate@0.0.1 start: `gulp`
14 verbose stack Exit status 1
14 verbose stack     at EventEmitter.<anonymous> (/home/vedanta-krit/.nvm/versions/node/v6.2.0/lib/node_modules/npm/lib/utils/lifecycle.js:245:16)
14 verbose stack     at emitTwo (events.js:106:13)
14 verbose stack     at EventEmitter.emit (events.js:191:7)
14 verbose stack     at ChildProcess.<anonymous> (/home/vedanta-krit/.nvm/versions/node/v6.2.0/lib/node_modules/npm/lib/utils/spawn.js:24:14)
14 verbose stack     at emitTwo (events.js:106:13)
14 verbose stack     at ChildProcess.emit (events.js:191:7)
14 verbose stack     at maybeClose (internal/child_process.js:850:16)
14 verbose stack     at Process.ChildProcess._handle.onexit (internal/child_process.js:215:5)
15 verbose pkgid node-boilerplate@0.0.1
16 verbose cwd /home/vedanta-krit/Work/apollo/node-boilerpalte
17 error Linux 4.4.0-21-generic
18 error argv "/home/vedanta-krit/.nvm/versions/node/v6.2.0/bin/node" "/home/vedanta-krit/.nvm/versions/node/v6.2.0/bin/npm" "start"
19 error node v6.2.0
20 error npm  v3.9.0
21 error code ELIFECYCLE
22 error node-boilerplate@0.0.1 start: `gulp`
22 error Exit status 1
23 error Failed at the node-boilerplate@0.0.1 start script 'gulp'.
23 error Make sure you have the latest version of node.js and npm installed.
23 error If you do, this is most likely a problem with the node-boilerplate package,
23 error not with npm itself.
23 error Tell the author that this fails on your system:
23 error     gulp
23 error You can get information on how to open an issue for this project with:
23 error     npm bugs node-boilerplate
23 error Or if that isn't available, you can get their info via:
23 error     npm owner ls node-boilerplate
23 error There is likely additional logging output above.
24 verbose exit [ 1, true ]
